  <intf xmlns="http://com/example/intf">
    <name>TEST-OVERLAP</name>
    <device>r01</device>
    <interfaces>
      <id>0/3/0/0</id>
      <description>TEST-OVERLAP-A</description>
    </interfaces>
  </intf>
