<config xmlns="http://tail-f.com/ns/config/1.0">
  <intf xmlns="http://com/example/intf">
    <name>TEST-NO-OVERLAP-B</name>
    <device>r01</device>
    <interfaces>
      <id>0/3/0/1</id>
      <description>TEST-NO-OVERLAP-B</description>
    </interfaces>
  </intf>
</config>
